<?xml version="1.0" encoding="UTF-8"?>
<!-- Generated by org.testng.reporters.JUnitReportReporter -->
<testsuite hostname="qedge-PC" name="mul_win.ROBOT_SAVE" tests="1" failures="0" timestamp="29 Jul 2016 05:56:24 GMT" time="24.693" errors="0">
  <testcase name="f" time="24.693" classname="mul_win.ROBOT_SAVE"/>
</testsuite> <!-- mul_win.ROBOT_SAVE -->
