<?xml version="1.0" encoding="UTF-8"?>
<!-- Generated by org.testng.reporters.JUnitReportReporter -->
<testsuite hostname="qedge-PC" name="mul_win.Datepicker12" tests="1" failures="0" timestamp="30 Aug 2016 06:15:36 GMT" time="43.194" errors="0">
  <testcase name="f" time="43.194" classname="mul_win.Datepicker12"/>
</testsuite> <!-- mul_win.Datepicker12 -->
